{"/Users/macbook/Projects/SWE/JEST_testing/Testing-Javascript-using-JEST/cloneArray.js": {"path":"/Users/macbook/Projects/SWE/JEST_testing/Testing-Javascript-using-JEST/cloneArray.js","statementMap":{"0":{"start":{"line":3,"column":1},"end":{"line":3,"column":18}},"1":{"start":{"line":6,"column":0},"end":{"line":6,"column":28}}},"fnMap":{"0":{"name":"cloneArray","decl":{"start":{"line":2,"column":9},"end":{"line":2,"column":19}},"loc":{"start":{"line":2,"column":26},"end":{"line":4,"column":1}},"line":2}},"branchMap":{},"s":{"0":2,"1":1},"f":{"0":2},"b":{},"_coverageSchema":"1a1c01bbd47fc00a2c39e90264f33305004495a9","hash":"a6ab6152d308e3da9a82568d3c50f055c1a4fa51"}
,"/Users/macbook/Projects/SWE/JEST_testing/Testing-Javascript-using-JEST/subtract.js": {"path":"/Users/macbook/Projects/SWE/JEST_testing/Testing-Javascript-using-JEST/subtract.js","statementMap":{"0":{"start":{"line":3,"column":1},"end":{"line":3,"column":14}},"1":{"start":{"line":6,"column":0},"end":{"line":6,"column":25}}},"fnMap":{"0":{"name":"subtract","decl":{"start":{"line":2,"column":9},"end":{"line":2,"column":17}},"loc":{"start":{"line":2,"column":22},"end":{"line":4,"column":1}},"line":2}},"branchMap":{},"s":{"0":1,"1":1},"f":{"0":1},"b":{},"_coverageSchema":"1a1c01bbd47fc00a2c39e90264f33305004495a9","hash":"6ef0859821c6fbe1930c027084ecd2e3d1181d22"}
,"/Users/macbook/Projects/SWE/JEST_testing/Testing-Javascript-using-JEST/sum.js": {"path":"/Users/macbook/Projects/SWE/JEST_testing/Testing-Javascript-using-JEST/sum.js","statementMap":{"0":{"start":{"line":3,"column":1},"end":{"line":3,"column":12}},"1":{"start":{"line":7,"column":1},"end":{"line":7,"column":12}},"2":{"start":{"line":10,"column":0},"end":{"line":10,"column":31}}},"fnMap":{"0":{"name":"sum","decl":{"start":{"line":2,"column":9},"end":{"line":2,"column":12}},"loc":{"start":{"line":2,"column":17},"end":{"line":4,"column":1}},"line":2},"1":{"name":"extra","decl":{"start":{"line":6,"column":9},"end":{"line":6,"column":14}},"loc":{"start":{"line":6,"column":19},"end":{"line":8,"column":1}},"line":6}},"branchMap":{},"s":{"0":1,"1":1,"2":1},"f":{"0":1,"1":1},"b":{},"_coverageSchema":"1a1c01bbd47fc00a2c39e90264f33305004495a9","hash":"add2dc44818fa8541b1a401ee5982627956ca507"}
}
